{
  "RSpec": {
    "coverage": {
      "/Users/student/Documents/projects/weekly/wk10/bank_challenge/spec/bankaccount_spec.rb": {
        "lines": [
          1,
          null,
          1,
          null,
          1,
          5,
          5,
          null,
          null,
          1,
          1,
          1,
          null,
          null,
          1,
          1,
          1,
          null,
          null,
          1,
          1,
          1,
          1,
          null,
          null,
          1,
          1,
          1,
          1,
          null,
          null,
          1,
          1,
          1,
          1,
          1,
          1,
          2,
          null,
          null,
          null
        ]
      },
      "/Users/student/Documents/projects/weekly/wk10/bank_challenge/lib/bankaccount.rb": {
        "lines": [
          1,
          null,
          1,
          null,
          1,
          null,
          1,
          5,
          5,
          5,
          5,
          null,
          null,
          1,
          5,
          5,
          null,
          null,
          1,
          3,
          3,
          null,
          null,
          1,
          1,
          1,
          1,
          null,
          null,
          null
        ]
      },
      "/Users/student/Documents/projects/weekly/wk10/bank_challenge/lib/statement.rb": {
        "lines": [
          1,
          null,
          1,
          5,
          5,
          null,
          null,
          1,
          2,
          null,
          null,
          1,
          4,
          10,
          4,
          6,
          null,
          null,
          null,
          null
        ]
      },
      "/Users/student/Documents/projects/weekly/wk10/bank_challenge/spec/statement_spec.rb": {
        "lines": [
          1,
          null,
          1,
          null,
          1,
          1,
          2,
          null,
          null,
          1,
          1,
          2,
          null,
          null,
          1,
          1,
          2,
          null,
          null,
          1,
          1,
          2,
          null,
          null,
          null
        ]
      }
    },
    "timestamp": 1592313460
  }
}
